/*C3*/SET SCHEMA PUBLIC
INSERT INTO PRODUTO VALUES(10,'Mesa Azul','Mesa com 4 p\u00e9s')
COMMIT
SET SCHEMA PUBLIC
DISCONNECT
/*C4*/SET SCHEMA PUBLIC
INSERT INTO PRODUTO VALUES(11,'Mesa Azul','Mesa com 4 p\u00e9s')
COMMIT
SET SCHEMA PUBLIC
DISCONNECT
/*C5*/SET SCHEMA PUBLIC
INSERT INTO PRODUTO VALUES(12,'Mesa Azul','Mesa com 4 p\u00e9s')
COMMIT
SET SCHEMA PUBLIC
DISCONNECT
/*C6*/SET SCHEMA PUBLIC
INSERT INTO PRODUTO VALUES(13,'Mesa Azul','Mesa com 4 p\u00e9s')
COMMIT
SET SCHEMA PUBLIC
DISCONNECT
/*C7*/SET SCHEMA PUBLIC
INSERT INTO PRODUTO VALUES(14,'Mesa Vermelha','Mesa com 4 p\u00e9s')
COMMIT
SET SCHEMA PUBLIC
DISCONNECT
/*C2*/SET SCHEMA PUBLIC
create table categoria (id INTEGER GENERATED BY DEFAULT AS IDENTITY PRIMARY KEY, nome VARCHAR(255))
alter table Produto add column categoria_id INTEGER
INSERT INTO CATEGORIA VALUES(0,'Eletrodom\u00e9stico')
COMMIT
INSERT INTO CATEGORIA VALUES(1,'Eletronico')
COMMIT
INSERT INTO CATEGORIA VALUES(2,'Movel')
COMMIT
DELETE FROM PRODUTO WHERE ID=1
DELETE FROM PRODUTO WHERE ID=2
INSERT INTO PRODUTO VALUES(1,'Geladeria','Geladeira com duas portas',0)
INSERT INTO PRODUTO VALUES(2,'Ferro de passar','Ferro de passar vaporizador',0)
COMMIT
DELETE FROM PRODUTO WHERE ID=1
DELETE FROM PRODUTO WHERE ID=2
INSERT INTO PRODUTO VALUES(1,'Geladeria','Geladeira com duas portas',0)
INSERT INTO PRODUTO VALUES(2,'Ferro de passar','Ferro de passar vaporizador',0)
COMMIT
DELETE FROM PRODUTO WHERE ID=10
DELETE FROM PRODUTO WHERE ID=11
DELETE FROM PRODUTO WHERE ID=12
DELETE FROM PRODUTO WHERE ID=13
DELETE FROM PRODUTO WHERE ID=14
COMMIT
DELETE FROM PRODUTO WHERE ID=3
DELETE FROM PRODUTO WHERE ID=6
DELETE FROM PRODUTO WHERE ID=7
DELETE FROM PRODUTO WHERE ID=8
INSERT INTO PRODUTO VALUES(3,'Notbook','Notbook com processador i5',1)
INSERT INTO PRODUTO VALUES(6,'Notebook'' i5','Nootebook com processador i5',1)
INSERT INTO PRODUTO VALUES(7,'Tv LCD','60 Polegadas',1)
INSERT INTO PRODUTO VALUES(8,'DVD','Aparelho de DVD',1)
COMMIT
DELETE FROM PRODUTO WHERE ID=9
INSERT INTO PRODUTO VALUES(9,'Mesa Azul','Mesa com 4 p\u00e9s',2)
COMMIT
/*C8*/SET SCHEMA PUBLIC
DISCONNECT
/*C9*/SET SCHEMA PUBLIC
DISCONNECT
/*C10*/SET SCHEMA PUBLIC
DISCONNECT
